#
# There is insufficient memory for the Java Runtime Environment to continue.
# Native memory allocation (malloc) failed to allocate 32744 bytes for ChunkPool::allocate
# Possible reasons:
#   The system is out of physical RAM or swap space
#   The process is running with CompressedOops enabled, and the Java Heap may be blocking the growth of the native heap
# Possible solutions:
#   Reduce memory load on the system
#   Increase physical memory or swap space
#   Check if swap backing store is full
#   Decrease Java heap size (-Xmx/-Xms)
#   Decrease number of Java threads
#   Decrease Java thread stack sizes (-Xss)
#   Set larger code cache with -XX:ReservedCodeCacheSize=
#   JVM is running with Unscaled Compressed Oops mode in which the Java heap is
#     placed in the first 4GB address space. The Java Heap base address is the
#     maximum limit for the native heap growth. Please use -XX:HeapBaseMinAddress
#     to set the Java Heap base and to place the Java Heap above 4GB virtual address.
# This output file may be truncated or incomplete.
#
#  Out of Memory Error (t:/workspace/open/src/hotspot/share/memory/arena.cpp:80), pid=8572, tid=9768
#
# JRE version: Java(TM) SE Runtime Environment (13.0.1+9) (build 13.0.1+9)
# Java VM: Java HotSpot(TM) 64-Bit Server VM (13.0.1+9, mixed mode, sharing, tiered, compressed oops, g1 gc, windows-amd64)
# No core dump will be written. Minidumps are not enabled by default on client versions of Windows
#

---------------  S U M M A R Y ------------

Command Line: -XX:TieredStopAtLevel=1 -Xverify:none -Dspring.output.ansi.enabled=always -Dcom.sun.management.jmxremote -Dspring.jmx.enabled=true -Dspring.liveBeansView.mbeanDomain -Dspring.application.admin.enabled=true -javaagent:D:\IntelliJ IDEA 2019.3.1\lib\idea_rt.jar=9006:D:\IntelliJ IDEA 2019.3.1\bin -Dfile.encoding=UTF-8 com.hzm.HvpApplication

Host: Intel(R) Core(TM) i7-4700MQ CPU @ 2.40GHz, 8 cores, 7G,  Windows 10 , 64 bit Build 14393 (10.0.14393.2906)
Time: Wed Jan 15 14:33:31 2020 ?D1¨²¡À¨º¡Á?¨º¡À?? elapsed time: 21 seconds (0d 0h 0m 21s)

---------------  T H R E A D  ---------------

Current thread (0x0000022dc3cd9800):  VMThread "VM Thread" [stack: 0x0000006eddc00000,0x0000006eddd00000] [id=9768] _threads_hazard_ptr=0x0000022dc5161c30

Stack: [0x0000006eddc00000,0x0000006eddd00000]
[error occurred during error reporting (printing stack bounds), id 0xc0000005, EXCEPTION_ACCESS_VIOLATION (0xc0000005) at pc=0x0000022dad3d10ad]

Native frames: (J=compiled Java code, j=interpreted, Vv=VM code, C=native code)
V  [jvm.dll+0x626eca]
V  [jvm.dll+0x772c6a]
V  [jvm.dll+0x77441f]
V  [jvm.dll+0x774985]
V  [jvm.dll+0x77493b]
V  [jvm.dll+0x6266ff]
C  [ntdll.dll+0x65e90]
C  [ntdll.dll+0x3fa1b]
C  [ntdll.dll+0xa96ea]
C  0x0000022dad3d10ad

VM_Operation (0x0000006ee02fd120): BulkRevokeBias, mode: safepoint, requested by thread 0x0000022dc60f6000


---------------  P R O C E S S  ---------------

Threads class SMR info:
_java_thread_list=0x0000022dc5161c30, length=31, elements={
0x0000022dc3cdb000, 0x0000022dc3cdd000, 0x0000022dc3cfa800, 0x0000022dc3cfb800,
0x0000022dc3cfe800, 0x0000022dc3d01800, 0x0000022dc45e8800, 0x0000022dc4830800,
0x0000022dc4831800, 0x0000022dc4d23800, 0x0000022dc5bbd000, 0x0000022dc5bf0800,
0x0000022dc5ef6000, 0x0000022dc5eb0000, 0x0000022dc5eda800, 0x0000022dc5f25800,
0x0000022dc60f5800, 0x0000022dc60f6000, 0x0000022dc610c800, 0x0000022dc6071800,
0x0000022dc6073000, 0x0000022dc606e000, 0x0000022dc6072000, 0x0000022dc606d800,
0x0000022dc6074000, 0x0000022dc606f000, 0x0000022dc606f800, 0x0000022dc6070800,
0x0000022dc6125000, 0x0000022dc6126000, 0x0000022dc6123000
}

Java Threads: ( => current thread )
  0x0000022dc3cdb000 JavaThread "Reference Handler" daemon [_thread_blocked, id=6740, stack(0x0000006eddd00000,0x0000006edde00000)]
  0x0000022dc3cdd000 JavaThread "Finalizer" daemon [_thread_blocked, id=7460, stack(0x0000006edde00000,0x0000006eddf00000)]
  0x0000022dc3cfa800 JavaThread "Signal Dispatcher" daemon [_thread_blocked, id=7520, stack(0x0000006eddf00000,0x0000006ede000000)]
  0x0000022dc3cfb800 JavaThread "Attach Listener" daemon [_thread_blocked, id=10572, stack(0x0000006ede000000,0x0000006ede100000)]
  0x0000022dc3cfe800 JavaThread "C1 CompilerThread0" daemon [_thread_blocked, id=8496, stack(0x0000006ede100000,0x0000006ede200000)]
  0x0000022dc3d01800 JavaThread "Sweeper thread" daemon [_thread_blocked, id=7848, stack(0x0000006ede200000,0x0000006ede300000)]
  0x0000022dc45e8800 JavaThread "Common-Cleaner" daemon [_thread_blocked, id=6552, stack(0x0000006ede300000,0x0000006ede400000)]
  0x0000022dc4830800 JavaThread "Monitor Ctrl-Break" daemon [_thread_in_native, id=9832, stack(0x0000006ede400000,0x0000006ede500000)]
  0x0000022dc4831800 JavaThread "Service Thread" daemon [_thread_blocked, id=9728, stack(0x0000006ede500000,0x0000006ede600000)]
  0x0000022dc4d23800 JavaThread "RMI TCP Accept-0" daemon [_thread_in_native, id=4800, stack(0x0000006ede600000,0x0000006ede700000)]
  0x0000022dc5bbd000 JavaThread "RMI TCP Connection(1)-192.168.2.166" daemon [_thread_in_native, id=6368, stack(0x0000006edf300000,0x0000006edf400000)]
  0x0000022dc5bf0800 JavaThread "RMI Scheduler(0)" daemon [_thread_blocked, id=3332, stack(0x0000006edf400000,0x0000006edf500000)]
  0x0000022dc5ef6000 JavaThread "Catalina-utility-1" [_thread_blocked, id=6400, stack(0x0000006edf800000,0x0000006edf900000)]
  0x0000022dc5eb0000 JavaThread "Catalina-utility-2" [_thread_blocked, id=13156, stack(0x0000006edf900000,0x0000006edfa00000)]
  0x0000022dc5eda800 JavaThread "container-0" [_thread_blocked, id=2924, stack(0x0000006edfa00000,0x0000006edfb00000)]
  0x0000022dc5f25800 JavaThread "mysql-cj-abandoned-connection-cleanup" daemon [_thread_blocked, id=11488, stack(0x0000006edfb00000,0x0000006edfc00000)]
  0x0000022dc60f5800 JavaThread "http-nio-8080-BlockPoller" daemon [_thread_in_native, id=12440, stack(0x0000006ee0100000,0x0000006ee0200000)]
  0x0000022dc60f6000 JavaThread "http-nio-8080-exec-1" daemon [_thread_blocked, id=10356, stack(0x0000006ee0200000,0x0000006ee0300000)]
  0x0000022dc610c800 JavaThread "http-nio-8080-exec-2" daemon [_thread_blocked, id=5544, stack(0x0000006ee0300000,0x0000006ee0400000)]
  0x0000022dc6071800 JavaThread "http-nio-8080-exec-3" daemon [_thread_blocked, id=1020, stack(0x0000006ee0400000,0x0000006ee0500000)]
  0x0000022dc6073000 JavaThread "http-nio-8080-exec-4" daemon [_thread_blocked, id=1576, stack(0x0000006ee0500000,0x0000006ee0600000)]
  0x0000022dc606e000 JavaThread "http-nio-8080-exec-5" daemon [_thread_blocked, id=8852, stack(0x0000006ee0600000,0x0000006ee0700000)]
  0x0000022dc6072000 JavaThread "http-nio-8080-exec-6" daemon [_thread_blocked, id=10004, stack(0x0000006ee0700000,0x0000006ee0800000)]
  0x0000022dc606d800 JavaThread "http-nio-8080-exec-7" daemon [_thread_blocked, id=9576, stack(0x0000006ee0800000,0x0000006ee0900000)]
  0x0000022dc6074000 JavaThread "http-nio-8080-exec-8" daemon [_thread_blocked, id=5852, stack(0x0000006ee0900000,0x0000006ee0a00000)]
  0x0000022dc606f000 JavaThread "http-nio-8080-exec-9" daemon [_thread_blocked, id=2716, stack(0x0000006ee0a00000,0x0000006ee0b00000)]
  0x0000022dc606f800 JavaThread "http-nio-8080-exec-10" daemon [_thread_blocked, id=6160, stack(0x0000006ee0b00000,0x0000006ee0c00000)]
  0x0000022dc6070800 JavaThread "http-nio-8080-ClientPoller" daemon [_thread_in_native, id=5316, stack(0x0000006ee0c00000,0x0000006ee0d00000)]
  0x0000022dc6125000 JavaThread "http-nio-8080-Acceptor" daemon [_thread_in_native, id=8900, stack(0x0000006ee0d00000,0x0000006ee0e00000)]
  0x0000022dc6126000 JavaThread "DestroyJavaVM" [_thread_blocked, id=12960, stack(0x0000006edd600000,0x0000006edd700000)]
  0x0000022dc6123000 JavaThread "RMI TCP Connection(2)-192.168.2.166" daemon [_thread_in_native, id=10868, stack(0x0000006ee1000000,0x0000006ee1100000)]

Other Threads:
=>0x0000022dc3cd9800 VMThread "VM Thread" [stack: 0x0000006eddc00000,0x0000006eddd00000] [id=9768] _threads_hazard_ptr=0x0000022dc5161c30
  0x0000022dc4d47800 WatcherThread [stack: 0x0000006ede700000,0x0000006ede800000] [id=11432]
  0x0000022da4f0d800 GCTaskThread "GC Thread#0" [stack: 0x0000006edd700000,0x0000006edd800000] [id=9752]
  0x0000022dc517e000 GCTaskThread "GC Thread#1" [stack: 0x0000006ede900000,0x0000006edea00000] [id=11672]
  0x0000022dc517f000 GCTaskThread "GC Thread#2" [stack: 0x0000006edea00000,0x0000006edeb00000] [id=6124]
  0x0000022dc517f800 GCTaskThread "GC Thread#3" [stack: 0x0000006edeb00000,0x0000006edec00000] [id=12644]
  0x0000022dc5edd800 GCTaskThread "GC Thread#4" [stack: 0x0000006edfc00000,0x0000006edfd00000] [id=12856]
  0x0000022dc5f46800 GCTaskThread "GC Thread#5" [stack: 0x0000006edfd00000,0x0000006edfe00000] [id=5456]
  0x0000022dc602a800 GCTaskThread "GC Thread#6" [stack: 0x0000006edfe00000,0x0000006edff00000] [id=2932]
  0x0000022dc602b000 GCTaskThread "GC Thread#7" [stack: 0x0000006edff00000,0x0000006ee0000000] [id=5604]
  0x0000022da4f20000 ConcurrentGCThread "G1 Main Marker" [stack: 0x0000006edd800000,0x0000006edd900000] [id=500]
  0x0000022da4f24000 ConcurrentGCThread "G1 Conc#0" [stack: 0x0000006edd900000,0x0000006edda00000] [id=3024]
  0x0000022dc5d03800 ConcurrentGCThread "G1 Conc#1" [stack: 0x0000006edf600000,0x0000006edf700000] [id=8732]
  0x0000022da4f9d800 ConcurrentGCThread "G1 Refine#0" [stack: 0x0000006edda00000,0x0000006eddb00000] [id=5060]
  0x0000022dc47a8800 ConcurrentGCThread "G1 Refine#1" [stack: 0x0000006edec00000,0x0000006eded00000] [id=804]
  0x0000022dc3b57800 ConcurrentGCThread "G1 Young RemSet Sampling" [stack: 0x0000006eddb00000,0x0000006eddc00000] [id=10944]

Threads with active compile tasks:

VM state:at safepoint (normal execution)

VM Mutex/Monitor currently owned by a thread:  ([mutex/lock_event])
[0x0000022da4ec9580] Threads_lock - owner thread: 0x0000022dc3cd9800

Heap address: 0x0000000081e00000, size: 2018 MB, Compressed Oops mode: 32-bit
Narrow klass base: 0x0000000800000000, Narrow klass shift: 3
Compressed class space size: 1073741824 Address: 0x0000000800b40000

Heap:
 garbage-first heap   total 58368K, used 39381K [0x0000000081e00000, 0x0000000100000000)
  region size 1024K, 31 young (31744K), 5 survivors (5120K)
 Metaspace       used 32081K, capacity 33149K, committed 33456K, reserved 1077248K
  class space    used 4298K, capacity 4714K, committed 4784K, reserved 1048576K
Heap Regions: E=young(eden), S=young(survivor), O=old, HS=humongous(starts), HC=humongous(continues), CS=collection set, F=free, A=archive, TAMS=top-at-mark-start (previous, next)
|   0|0x0000000081e00000, 0x0000000081f00000, 0x0000000081f00000|100%| O|  |TAMS 0x0000000081f00000, 0x0000000081e00000| Untracked 
|   1|0x0000000081f00000, 0x0000000082000000, 0x0000000082000000|100%| O|  |TAMS 0x0000000082000000, 0x0000000081f00000| Untracked 
|   2|0x0000000082000000, 0x0000000082100000, 0x0000000082100000|100%| O|  |TAMS 0x0000000082100000, 0x0000000082000000| Untracked 
|   3|0x0000000082100000, 0x0000000082200000, 0x0000000082200000|100%| O|  |TAMS 0x0000000082200000, 0x0000000082100000| Untracked 
|   4|0x0000000082200000, 0x0000000082300000, 0x0000000082300000|100%| O|  |TAMS 0x0000000082300000, 0x0000000082200000| Untracked 
|   5|0x0000000082300000, 0x0000000082334e00, 0x0000000082400000| 20%| O|  |TAMS 0x0000000082334e00, 0x0000000082300000| Untracked 
|   6|0x0000000082400000, 0x0000000082500000, 0x0000000082500000|100%| O|  |TAMS 0x0000000082400000, 0x0000000082400000| Untracked 
|   7|0x0000000082500000, 0x0000000082600000, 0x0000000082600000|100%| O|  |TAMS 0x0000000082500000, 0x0000000082500000| Untracked 
|   8|0x0000000082600000, 0x0000000082700000, 0x0000000082700000|100%| O|  |TAMS 0x0000000082600000, 0x0000000082600000| Untracked 
|   9|0x0000000082700000, 0x00000000827d7200, 0x0000000082800000| 84%| O|  |TAMS 0x0000000082700000, 0x0000000082700000| Untracked 
|  10|0x0000000082800000, 0x0000000082800000, 0x0000000082900000|  0%| F|  |TAMS 0x0000000082800000, 0x0000000082800000| Untracked 
|  11|0x0000000082900000, 0x0000000082900000, 0x0000000082a00000|  0%| F|  |TAMS 0x0000000082900000, 0x0000000082900000| Untracked 
|  12|0x0000000082a00000, 0x0000000082a00000, 0x0000000082b00000|  0%| F|  |TAMS 0x0000000082a00000, 0x0000000082a00000| Untracked 
|  13|0x0000000082b00000, 0x0000000082b00000, 0x0000000082c00000|  0%| F|  |TAMS 0x0000000082b00000, 0x0000000082b00000| Untracked 
|  14|0x0000000082c00000, 0x0000000082c00000, 0x0000000082d00000|  0%| F|  |TAMS 0x0000000082c00000, 0x0000000082c00000| Untracked 
|  15|0x0000000082d00000, 0x0000000082d00000, 0x0000000082e00000|  0%| F|  |TAMS 0x0000000082d00000, 0x0000000082d00000| Untracked 
|  16|0x0000000082e00000, 0x0000000082e00000, 0x0000000082f00000|  0%| F|  |TAMS 0x0000000082e00000, 0x0000000082e00000| Untracked 
|  17|0x0000000082f00000, 0x0000000082f00000, 0x0000000083000000|  0%| F|  |TAMS 0x0000000082f00000, 0x0000000082f00000| Untracked 
|  18|0x0000000083000000, 0x00000000830694f8, 0x0000000083100000| 41%| S|CS|TAMS 0x0000000083000000, 0x0000000083000000| Complete 
|  19|0x0000000083100000, 0x0000000083200000, 0x0000000083200000|100%| S|CS|TAMS 0x0000000083100000, 0x0000000083100000| Complete 
|  20|0x0000000083200000, 0x0000000083300000, 0x0000000083300000|100%| S|CS|TAMS 0x0000000083200000, 0x0000000083200000| Complete 
|  21|0x0000000083300000, 0x0000000083400000, 0x0000000083400000|100%| S|CS|TAMS 0x0000000083300000, 0x0000000083300000| Complete 
|  22|0x0000000083400000, 0x0000000083500000, 0x0000000083500000|100%| S|CS|TAMS 0x0000000083400000, 0x0000000083400000| Complete 
|  23|0x0000000083500000, 0x0000000083500000, 0x0000000083600000|  0%| F|  |TAMS 0x0000000083500000, 0x0000000083500000| Untracked 
|  24|0x0000000083600000, 0x0000000083600000, 0x0000000083700000|  0%| F|  |TAMS 0x0000000083600000, 0x0000000083600000| Untracked 
|  25|0x0000000083700000, 0x0000000083700000, 0x0000000083800000|  0%| F|  |TAMS 0x0000000083700000, 0x0000000083700000| Untracked 
|  26|0x0000000083800000, 0x0000000083800000, 0x0000000083900000|  0%| F|  |TAMS 0x0000000083800000, 0x0000000083800000| Untracked 
|  27|0x0000000083900000, 0x0000000083900000, 0x0000000083a00000|  0%| F|  |TAMS 0x0000000083900000, 0x0000000083900000| Untracked 
|  28|0x0000000083a00000, 0x0000000083a00000, 0x0000000083b00000|  0%| F|  |TAMS 0x0000000083a00000, 0x0000000083a00000| Untracked 
|  29|0x0000000083b00000, 0x0000000083b00000, 0x0000000083c00000|  0%| F|  |TAMS 0x0000000083b00000, 0x0000000083b00000| Untracked 
|  30|0x0000000083c00000, 0x0000000083c00000, 0x0000000083d00000|  0%| F|  |TAMS 0x0000000083c00000, 0x0000000083c00000| Untracked 
|  31|0x0000000083d00000, 0x0000000083d245d0, 0x0000000083e00000| 14%| E|  |TAMS 0x0000000083d00000, 0x0000000083d00000| Complete 
|  32|0x0000000083e00000, 0x0000000083f00000, 0x0000000083f00000|100%| E|CS|TAMS 0x0000000083e00000, 0x0000000083e00000| Complete 
|  33|0x0000000083f00000, 0x0000000084000000, 0x0000000084000000|100%| E|CS|TAMS 0x0000000083f00000, 0x0000000083f00000| Complete 
|  34|0x0000000084000000, 0x0000000084100000, 0x0000000084100000|100%| E|CS|TAMS 0x0000000084000000, 0x0000000084000000| Complete 
|  35|0x0000000084100000, 0x0000000084200000, 0x0000000084200000|100%| E|CS|TAMS 0x0000000084100000, 0x0000000084100000| Complete 
|  36|0x0000000084200000, 0x0000000084300000, 0x0000000084300000|100%| E|CS|TAMS 0x0000000084200000, 0x0000000084200000| Complete 
|  37|0x0000000084300000, 0x0000000084400000, 0x0000000084400000|100%| E|CS|TAMS 0x0000000084300000, 0x0000000084300000| Complete 
|  38|0x0000000084400000, 0x0000000084500000, 0x0000000084500000|100%| E|CS|TAMS 0x0000000084400000, 0x0000000084400000| Complete 
|  39|0x0000000084500000, 0x0000000084600000, 0x0000000084600000|100%| E|CS|TAMS 0x0000000084500000, 0x0000000084500000| Complete 
|  40|0x0000000084600000, 0x0000000084700000, 0x0000000084700000|100%| E|CS|TAMS 0x0000000084600000, 0x0000000084600000| Complete 
|  41|0x0000000084700000, 0x0000000084800000, 0x0000000084800000|100%| E|CS|TAMS 0x0000000084700000, 0x0000000084700000| Complete 
|  42|0x0000000084800000, 0x0000000084900000, 0x0000000084900000|100%| E|CS|TAMS 0x0000000084800000, 0x0000000084800000| Complete 
|  43|0x0000000084900000, 0x0000000084a00000, 0x0000000084a00000|100%| E|CS|TAMS 0x0000000084900000, 0x0000000084900000| Complete 
|  44|0x0000000084a00000, 0x0000000084b00000, 0x0000000084b00000|100%| E|CS|TAMS 0x0000000084a00000, 0x0000000084a00000| Complete 
|  45|0x0000000084b00000, 0x0000000084c00000, 0x0000000084c00000|100%| E|CS|TAMS 0x0000000084b00000, 0x0000000084b00000| Complete 
|  46|0x0000000084c00000, 0x0000000084d00000, 0x0000000084d00000|100%| E|CS|TAMS 0x0000000084c00000, 0x0000000084c00000| Complete 
|  47|0x0000000084d00000, 0x0000000084e00000, 0x0000000084e00000|100%| E|CS|TAMS 0x0000000084d00000, 0x0000000084d00000| Complete 
|  48|0x0000000084e00000, 0x0000000084f00000, 0x0000000084f00000|100%| E|CS|TAMS 0x0000000084e00000, 0x0000000084e00000| Complete 
|  49|0x0000000084f00000, 0x0000000085000000, 0x0000000085000000|100%| E|CS|TAMS 0x0000000084f00000, 0x0000000084f00000| Complete 
|  50|0x0000000085000000, 0x0000000085100000, 0x0000000085100000|100%| E|CS|TAMS 0x0000000085000000, 0x0000000085000000| Complete 
| 121|0x0000000089700000, 0x0000000089800000, 0x0000000089800000|100%| E|CS|TAMS 0x0000000089700000, 0x0000000089700000| Complete 
| 122|0x0000000089800000, 0x0000000089900000, 0x0000000089900000|100%| E|CS|TAMS 0x0000000089800000, 0x0000000089800000| Complete 
| 123|0x0000000089900000, 0x0000000089a00000, 0x0000000089a00000|100%| E|CS|TAMS 0x0000000089900000, 0x0000000089900000| Complete 
| 124|0x0000000089a00000, 0x0000000089b00000, 0x0000000089b00000|100%| E|CS|TAMS 0x0000000089a00000, 0x0000000089a00000| Complete 
| 125|0x0000000089b00000, 0x0000000089c00000, 0x0000000089c00000|100%| E|CS|TAMS 0x0000000089b00000, 0x0000000089b00000| Complete 
| 127|0x0000000089d00000, 0x0000000089e00000, 0x0000000089e00000|100%| E|CS|TAMS 0x0000000089d00000, 0x0000000089d00000| Complete 

Card table byte_map: [0x0000022dbcb00000,0x0000022dbcf00000] _byte_map_base: 0x0000022dbc6f1000

Marking Bits (Prev, Next): (CMBitMap*) 0x0000022da4f0e738, (CMBitMap*) 0x0000022da4f0e6f8
 Prev Bits: [0x0000022dbf290000, 0x0000022dc1218000)
 Next Bits: [0x0000022dbd300000, 0x0000022dbf288000)

Polling page: 0x0000022da2ed0000

Metaspace:

Usage:
  Non-class:     27.77 MB capacity,    27.13 MB ( 98%) used,   536.16 KB (  2%) free+waste,   116.31 KB ( <1%) overhead. 
      Class:      4.60 MB capacity,     4.20 MB ( 91%) used,   356.83 KB (  8%) free+waste,    58.69 KB (  1%) overhead. 
       Both:     32.37 MB capacity,    31.33 MB ( 97%) used,   892.98 KB (  3%) free+waste,   175.00 KB ( <1%) overhead. 

Virtual space:
  Non-class space:       28.00 MB reserved,      28.00 MB (100%) committed 
      Class space:        1.00 GB reserved,       4.67 MB ( <1%) committed 
             Both:        1.03 GB reserved,      32.67 MB (  3%) committed 

Chunk freelists:
   Non-Class:  45.00 KB
       Class:  22.00 KB
        Both:  67.00 KB

MaxMetaspaceSize: 17179869184.00 GB
CompressedClassSpaceSize: 1.00 GB

CodeHeap 'non-profiled nmethods': size=238336Kb used=6059Kb max_used=6059Kb free=232276Kb
 bounds [0x0000022dadb10000, 0x0000022dae100000, 0x0000022dbc3d0000]
CodeHeap 'non-nmethods': size=7424Kb used=1250Kb max_used=1250Kb free=6173Kb
 bounds [0x0000022dad3d0000, 0x0000022dad640000, 0x0000022dadb10000]
 total_blobs=4457 nmethods=3647 adapters=447
 compilation: enabled
              stopped_count=0, restarted_count=0
 full_count=0

Compilation events (20 events):
Event: 2.953 Thread 0x0000022dc3cfe800 3653       1       jdk.internal.misc.Unsafe::checkSize (32 bytes)
Event: 2.953 Thread 0x0000022dc3cfe800 nmethod 3653 0x0000022dae0f5610 code [0x0000022dae0f57c0, 0x0000022dae0f59d0]
Event: 2.955 Thread 0x0000022dc3cfe800 3654       1       java.io.ObjectInputStream$HandleTable::lookupException (29 bytes)
Event: 2.955 Thread 0x0000022dc3cfe800 nmethod 3654 0x0000022dae0f5a90 code [0x0000022dae0f5c40, 0x0000022dae0f5e38]
Event: 2.955 Thread 0x0000022dc3cfe800 3655       1       java.util.concurrent.locks.ReentrantReadWriteLock::readLock (5 bytes)
Event: 2.955 Thread 0x0000022dc3cfe800 nmethod 3655 0x0000022dae0f5f90 code [0x0000022dae0f6120, 0x0000022dae0f6258]
Event: 4.301 Thread 0x0000022dc3cfe800 3656       1       java.io.ObjectStreamClass$FieldReflectorKey::hashCode (5 bytes)
Event: 4.301 Thread 0x0000022dc3cfe800 nmethod 3656 0x0000022dae0f6310 code [0x0000022dae0f64a0, 0x0000022dae0f65d8]
Event: 4.301 Thread 0x0000022dc3cfe800 3657       1       java.lang.AbstractStringBuilder::append (33 bytes)
Event: 4.301 Thread 0x0000022dc3cfe800 nmethod 3657 0x0000022dae0f6690 code [0x0000022dae0f6840, 0x0000022dae0f6a30]
Event: 21.041 Thread 0x0000022dc3cfe800 3660   !   1       java.nio.charset.CharsetDecoder::decode (287 bytes)
Event: 21.042 Thread 0x0000022dc3cfe800 nmethod 3660 0x0000022dae0f7210 code [0x0000022dae0f7440, 0x0000022dae0f7ac0]
Event: 21.056 Thread 0x0000022dc3cfe800 3661       1       java.util.Calendar::internalGet (7 bytes)
Event: 21.056 Thread 0x0000022dc3cfe800 nmethod 3661 0x0000022dae0f7e90 code [0x0000022dae0f8020, 0x0000022dae0f8178]
Event: 21.056 Thread 0x0000022dc3cfe800 3662       1       java.util.Locale::getCountry (8 bytes)
Event: 21.057 Thread 0x0000022dc3cfe800 nmethod 3662 0x0000022dae0f8210 code [0x0000022dae0f83a0, 0x0000022dae0f84d8]
Event: 21.067 Thread 0x0000022dc3cfe800 3663   !   1       jdk.internal.loader.URLClassPath::check (125 bytes)
Event: 21.067 Thread 0x0000022dc3cfe800 nmethod 3663 0x0000022dae0f8590 code [0x0000022dae0f87c0, 0x0000022dae0f8c50]
Event: 21.067 Thread 0x0000022dc3cfe800 3664 %     1       java.util.Properties$LineReader::readLine @ 53 (584 bytes)
Event: 21.069 Thread 0x0000022dc3cfe800 nmethod 3664% 0x0000022dae0f8f10 code [0x0000022dae0f91a0, 0x0000022dae0fa5a0]

GC Heap History (12 events):
Event: 0.676 GC heap before
{Heap before GC invocations=0 (full 0):
 garbage-first heap   total 131072K, used 23552K [0x0000000081e00000, 0x0000000100000000)
  region size 1024K, 24 young (24576K), 0 survivors (0K)
 Metaspace       used 7413K, capacity 7767K, committed 8064K, reserved 1056768K
  class space    used 939K, capacity 1066K, committed 1152K, reserved 1048576K
}
Event: 0.683 GC heap after
{Heap after GC invocations=1 (full 0):
 garbage-first heap   total 131072K, used 5450K [0x0000000081e00000, 0x0000000100000000)
  region size 1024K, 3 young (3072K), 3 survivors (3072K)
 Metaspace       used 7413K, capacity 7767K, committed 8064K, reserved 1056768K
  class space    used 939K, capacity 1066K, committed 1152K, reserved 1048576K
}
Event: 0.934 GC heap before
{Heap before GC invocations=1 (full 0):
 garbage-first heap   total 131072K, used 49482K [0x0000000081e00000, 0x0000000100000000)
  region size 1024K, 46 young (47104K), 3 survivors (3072K)
 Metaspace       used 14458K, capacity 14931K, committed 14976K, reserved 1062912K
  class space    used 1969K, capacity 2160K, committed 2176K, reserved 1048576K
}
Event: 0.942 GC heap after
{Heap after GC invocations=2 (full 0):
 garbage-first heap   total 131072K, used 7133K [0x0000000081e00000, 0x0000000100000000)
  region size 1024K, 5 young (5120K), 5 survivors (5120K)
 Metaspace       used 14458K, capacity 14931K, committed 14976K, reserved 1062912K
  class space    used 1969K, capacity 2160K, committed 2176K, reserved 1048576K
}
Event: 1.487 GC heap before
{Heap before GC invocations=2 (full 0):
 garbage-first heap   total 131072K, used 59357K [0x0000000081e00000, 0x0000000100000000)
  region size 1024K, 56 young (57344K), 5 survivors (5120K)
 Metaspace       used 20186K, capacity 20940K, committed 20992K, reserved 1067008K
  class space    used 2776K, capacity 3040K, committed 3072K, reserved 1048576K
}
Event: 1.496 GC heap after
{Heap after GC invocations=3 (full 0):
 garbage-first heap   total 131072K, used 9600K [0x0000000081e00000, 0x0000000100000000)
  region size 1024K, 5 young (5120K), 5 survivors (5120K)
 Metaspace       used 20186K, capacity 20940K, committed 20992K, reserved 1067008K
  class space    used 2776K, capacity 3040K, committed 3072K, reserved 1048576K
}
Event: 1.512 GC heap before
{Heap before GC invocations=3 (full 0):
 garbage-first heap   total 131072K, used 10624K [0x0000000081e00000, 0x0000000100000000)
  region size 1024K, 7 young (7168K), 5 survivors (5120K)
 Metaspace       used 20570K, capacity 21231K, committed 21296K, reserved 1067008K
  class space    used 2812K, capacity 3073K, committed 3120K, reserved 1048576K
}
Event: 1.519 GC heap after
{Heap after GC invocations=4 (full 0):
 garbage-first heap   total 131072K, used 9924K [0x0000000081e00000, 0x0000000100000000)
  region size 1024K, 5 young (5120K), 5 survivors (5120K)
 Metaspace       used 20570K, capacity 21231K, committed 21296K, reserved 1067008K
  class space    used 2812K, capacity 3073K, committed 3120K, reserved 1048576K
}
Event: 1.841 GC heap before
{Heap before GC invocations=5 (full 0):
 garbage-first heap   total 40960K, used 39620K [0x0000000081e00000, 0x0000000100000000)
  region size 1024K, 34 young (34816K), 5 survivors (5120K)
 Metaspace       used 24148K, capacity 25031K, committed 25136K, reserved 1071104K
  class space    used 3272K, capacity 3612K, committed 3632K, reserved 1048576K
}
Event: 1.852 GC heap after
{Heap after GC invocations=6 (full 0):
 garbage-first heap   total 58368K, used 12283K [0x0000000081e00000, 0x0000000100000000)
  region size 1024K, 7 young (7168K), 7 survivors (7168K)
 Metaspace       used 24148K, capacity 25031K, committed 25136K, reserved 1071104K
  class space    used 3272K, capacity 3612K, committed 3632K, reserved 1048576K
}
Event: 2.141 GC heap before
{Heap before GC invocations=6 (full 0):
 garbage-first heap   total 58368K, used 38907K [0x0000000081e00000, 0x0000000100000000)
  region size 1024K, 34 young (34816K), 7 survivors (7168K)
 Metaspace       used 29075K, capacity 30070K, committed 30256K, reserved 1075200K
  class space    used 3923K, capacity 4330K, committed 4400K, reserved 1048576K
}
Event: 2.147 GC heap after
{Heap after GC invocations=7 (full 0):
 garbage-first heap   total 58368K, used 13781K [0x0000000081e00000, 0x0000000100000000)
  region size 1024K, 5 young (5120K), 5 survivors (5120K)
 Metaspace       used 29075K, capacity 30070K, committed 30256K, reserved 1075200K
  class space    used 3923K, capacity 4330K, committed 4400K, reserved 1048576K
}

Deoptimization events (2 events):
Event: 2.148 Thread 0x0000022da4ecc000 DEOPT PACKING pc=0x0000022dadd8a703 sp=0x0000006edd6f92b0
Event: 2.148 Thread 0x0000022da4ecc000 DEOPT UNPACKING pc=0x0000022dad41964e sp=0x0000006edd6f87b8 mode 3

Classes unloaded (1 events):
Event: 1.525 Thread 0x0000022dc3cd9800 Unloading class 0x0000000800c31440 'org/springframework/core/GenericTypeResolver$$Lambda$123'

Classes redefined (0 events):
No events

Internal exceptions (20 events):
Event: 1.953 Thread 0x0000022da4ecc000 Implicit null exception at 0x0000022dade3250d to 0x0000022dade3284f
Event: 1.953 Thread 0x0000022da4ecc000 Exception <a 'java/lang/NullPointerException'{0x0000000084c1ba70}> (0x0000000084c1ba70) 
thrown [t:/workspace/open/src/hotspot/share/runtime/sharedRuntime.cpp, line 585]
Event: 1.971 Thread 0x0000022da4ecc000 Exception <a 'java/lang/NoSuchMethodError'{0x0000000084be2968}: 'org.slf4j.impl.StaticMarkerBinder org.slf4j.impl.StaticMarkerBinder.getSingleton()'> (0x0000000084be2968) 
thrown [t:/workspace/open/src/hotspot/share/interpreter/linkResolver.cpp, line 767]
Event: 2.086 Thread 0x0000022da4ecc000 Exception <a 'java/lang/NoSuchMethodError'{0x00000000839431a0}: 'java.lang.Object java.lang.invoke.DirectMethodHandle$Holder.invokeInterface(java.lang.Object, java.lang.Object, java.lang.Object, java.lang.Object)'> (0x00000000839431a0) 
thrown [t:/workspace/open/src/hotspot/share/interpreter/linkResolver.cpp, line 767]
Event: 2.102 Thread 0x0000022da4ecc000 Exception <a 'java/lang/ClassNotFoundException'{0x00000000838b10b0}: java/lang/ObjectCustomizer> (0x00000000838b10b0) 
thrown [t:/workspace/open/src/hotspot/share/classfile/systemDictionary.cpp, line 232]
Event: 2.103 Thread 0x0000022da4ecc000 Exception <a 'java/lang/ClassNotFoundException'{0x00000000838c04a0}: org/springframework/web/servlet/config/annotation/WebMvcConfigurationSupportCustomizer> (0x00000000838c04a0) 
thrown [t:/workspace/open/src/hotspot/share/classfile/systemDictionary.cpp, line 232]
Event: 2.103 Thread 0x0000022da4ecc000 Exception <a 'java/lang/ClassNotFoundException'{0x00000000838da5d0}: org/springframework/web/servlet/config/annotation/DelegatingWebMvcConfigurationCustomizer> (0x00000000838da5d0) 
thrown [t:/workspace/open/src/hotspot/share/classfile/systemDictionary.cpp, line 232]
Event: 2.104 Thread 0x0000022da4ecc000 Exception <a 'java/lang/ClassNotFoundException'{0x00000000838ec310}: org/springframework/boot/autoconfigure/web/servlet/WebMvcAutoConfiguration$EnableWebMvcConfigurationCustomizer> (0x00000000838ec310) 
thrown [t:/workspace/open/src/hotspot/share/classfile/systemDictionary.cpp, line 232]
Event: 2.104 Thread 0x0000022da4ecc000 Exception <a 'java/lang/ClassNotFoundException'{0x0000000083703338}: org/springframework/context/ResourceLoaderAwareCustomizer> (0x0000000083703338) 
thrown [t:/workspace/open/src/hotspot/share/classfile/systemDictionary.cpp, line 232]
Event: 2.104 Thread 0x0000022da4ecc000 Exception <a 'java/lang/ClassNotFoundException'{0x000000008370d0e8}: org/springframework/beans/factory/AwareCustomizer> (0x000000008370d0e8) 
thrown [t:/workspace/open/src/hotspot/share/classfile/systemDictionary.cpp, line 232]
Event: 2.104 Thread 0x0000022da4ecc000 Exception <a 'java/lang/ClassNotFoundException'{0x0000000083717118}: org/springframework/context/ApplicationContextAwareCustomizer> (0x0000000083717118) 
thrown [t:/workspace/open/src/hotspot/share/classfile/systemDictionary.cpp, line 232]
Event: 2.105 Thread 0x0000022da4ecc000 Exception <a 'java/lang/ClassNotFoundException'{0x0000000083721aa8}: org/springframework/beans/factory/AwareCustomizer> (0x0000000083721aa8) 
thrown [t:/workspace/open/src/hotspot/share/classfile/systemDictionary.cpp, line 232]
Event: 2.105 Thread 0x0000022da4ecc000 Exception <a 'java/lang/ClassNotFoundException'{0x000000008372bab0}: org/springframework/web/context/ServletContextAwareCustomizer> (0x000000008372bab0) 
thrown [t:/workspace/open/src/hotspot/share/classfile/systemDictionary.cpp, line 232]
Event: 2.105 Thread 0x0000022da4ecc000 Exception <a 'java/lang/ClassNotFoundException'{0x0000000083735cc8}: org/springframework/beans/factory/AwareCustomizer> (0x0000000083735cc8) 
thrown [t:/workspace/open/src/hotspot/share/classfile/systemDictionary.cpp, line 232]
Event: 2.169 Thread 0x0000022da4ecc000 Exception <a 'java/lang/NoSuchMethodError'{0x0000000089948e10}: 'void java.lang.invoke.DirectMethodHandle$Holder.invokeVirtual(java.lang.Object, java.lang.Object, int)'> (0x0000000089948e10) 
thrown [t:/workspace/open/src/hotspot/share/interpreter/linkResolver.cpp, line 767]
Event: 2.326 Thread 0x0000022da4ecc000 Exception <a 'java/lang/NoSuchMethodError'{0x0000000084e7c8d0}: 'java.lang.Object java.lang.invoke.DirectMethodHandle$Holder.invokeInterface(java.lang.Object, java.lang.Object, java.lang.Object)'> (0x0000000084e7c8d0) 
thrown [t:/workspace/open/src/hotspot/share/interpreter/linkResolver.cpp, line 767]
Event: 2.326 Thread 0x0000022da4ecc000 Exception <a 'java/lang/IncompatibleClassChangeError'{0x0000000084e7f530}: Found class java.lang.Object, but interface was expected> (0x0000000084e7f530) 
thrown [t:/workspace/open/src/hotspot/share/interpreter/linkResolver.cpp, line 833]
Event: 2.341 Thread 0x0000022dc5bbd000 Exception <a 'java/lang/reflect/InvocationTargetException'{0x0000000084ef8a00}> (0x0000000084ef8a00) 
thrown [t:/workspace/open/src/hotspot/share/runtime/reflection.cpp, line 1188]
Event: 2.357 Thread 0x0000022da4ecc000 Exception <a 'java/lang/NoSuchMethodError'{0x0000000084de20b0}: 'int java.lang.invoke.DirectMethodHandle$Holder.invokeStaticInit(java.lang.Object, java.lang.Object, java.lang.Object, java.lang.Object)'> (0x0000000084de20b0) 
thrown [t:/workspace/open/src/hotspot/share/interpreter/linkResolver.cpp, line 767]
Event: 2.498 Thread 0x0000022da4ecc000 Exception <a 'java/lang/NoSuchMethodError'{0x000000008462d3f8}: 'java.lang.Object java.lang.invoke.Invokers$Holder.linkToTargetMethod(java.lang.Object, int, java.lang.Object)'> (0x000000008462d3f8) 
thrown [t:/workspace/open/src/hotspot/share/interpreter/linkResolver.cpp, line 767]

Events (20 events):
Event: 21.066 loading class org/apache/catalina/authenticator/jaspic/LocalStrings done
Event: 21.067 loading class org/apache/catalina/authenticator/jaspic/LocalStrings_zh
Event: 21.067 loading class org/apache/catalina/authenticator/jaspic/LocalStrings_zh done
Event: 21.067 loading class org/apache/catalina/authenticator/jaspic/LocalStrings_zh_CN
Event: 21.067 loading class org/apache/catalina/authenticator/jaspic/LocalStrings_zh_CN done
Event: 21.067 loading class org/apache/catalina/authenticator/jaspic/LocalStrings_zh_Hans
Event: 21.067 loading class org/apache/catalina/authenticator/jaspic/LocalStrings_zh_Hans done
Event: 21.068 loading class org/apache/catalina/authenticator/jaspic/LocalStrings_zh_Hans_CN
Event: 21.068 loading class org/apache/catalina/authenticator/jaspic/LocalStrings_zh_Hans_CN done
Event: 21.068 loading class org/apache/coyote/ActionCode
Event: 21.068 loading class org/apache/coyote/ActionCode done
Event: 21.068 loading class org/apache/coyote/AbstractProcessor$1
Event: 21.068 loading class org/apache/coyote/AbstractProcessor$1 done
Event: 21.069 loading class org/apache/tomcat/util/log/UserDataHelper$Mode
Event: 21.069 loading class org/apache/tomcat/util/log/UserDataHelper$Mode done
Event: 21.069 Executing VM operation: RevokeBias
Event: 21.069 Executing VM operation: RevokeBias done
Event: 21.069 loading class org/springframework/web/servlet/HttpServletBean$ServletConfigPropertyValues
Event: 21.069 loading class org/springframework/web/servlet/HttpServletBean$ServletConfigPropertyValues done
Event: 21.069 Executing VM operation: BulkRevokeBias


Dynamic libraries:
0x00007ff63c740000 - 0x00007ff63c74f000 	D:\java\bin\java.exe
0x00007ffee9600000 - 0x00007ffee97d0000 	C:\Windows\SYSTEM32\ntdll.dll
0x00007ffee94f0000 - 0x00007ffee959b000 	C:\Windows\System32\KERNEL32.DLL
0x00007ffee5e80000 - 0x00007ffee609d000 	C:\Windows\System32\KERNELBASE.dll
0x00007ffee5d80000 - 0x00007ffee5e74000 	C:\Windows\System32\ucrtbase.dll
0x00007ffed5fe0000 - 0x00007ffed5ff8000 	D:\java\bin\jli.dll
0x00007ffedcbf0000 - 0x00007ffedcc05000 	D:\java\bin\VCRUNTIME140.dll
0x00007ffee8e80000 - 0x00007ffee8f22000 	C:\Windows\System32\ADVAPI32.dll
0x00007ffee8d70000 - 0x00007ffee8e0e000 	C:\Windows\System32\msvcrt.dll
0x00007ffee8c10000 - 0x00007ffee8c69000 	C:\Windows\System32\sechost.dll
0x00007ffee87d0000 - 0x00007ffee88f1000 	C:\Windows\System32\RPCRT4.dll
0x00007ffee8aa0000 - 0x00007ffee8c05000 	C:\Windows\System32\USER32.dll
0x00007ffee5d60000 - 0x00007ffee5d7e000 	C:\Windows\System32\win32u.dll
0x00007ffee8d30000 - 0x00007ffee8d64000 	C:\Windows\System32\GDI32.dll
0x00007ffedcc60000 - 0x00007ffedceda000 	C:\Windows\WinSxS\amd64_microsoft.windows.common-controls_6595b64144ccf1df_6.0.14393.2848_none_7ddecd5e83436d8c\COMCTL32.dll
0x00007ffee69b0000 - 0x00007ffee6b31000 	C:\Windows\System32\gdi32full.dll
0x00007ffee81e0000 - 0x00007ffee84a5000 	C:\Windows\System32\combase.dll
0x00007ffee6150000 - 0x00007ffee61ba000 	C:\Windows\System32\bcryptPrimitives.dll
0x00007ffee1810000 - 0x00007ffee181a000 	C:\Windows\SYSTEM32\VERSION.dll
0x00007ffee94b0000 - 0x00007ffee94de000 	C:\Windows\System32\IMM32.DLL
0x00007ffecc710000 - 0x00007ffecc7ab000 	D:\java\bin\msvcp140.dll
0x00007ffebd350000 - 0x00007ffebdeb6000 	D:\java\bin\server\jvm.dll
0x00007ffee94e0000 - 0x00007ffee94e8000 	C:\Windows\System32\PSAPI.DLL
0x00007ffee3630000 - 0x00007ffee3653000 	C:\Windows\SYSTEM32\WINMM.dll
0x00007ffed6000000 - 0x00007ffed6009000 	C:\Windows\SYSTEM32\WSOCK32.dll
0x00007ffee8e10000 - 0x00007ffee8e7a000 	C:\Windows\System32\WS2_32.dll
0x0000022da2ea0000 - 0x0000022da2ecb000 	C:\Windows\SYSTEM32\WINMMBASE.dll
0x00007ffee6b40000 - 0x00007ffee6b82000 	C:\Windows\System32\cfgmgr32.dll
0x00007ffee5ae0000 - 0x00007ffee5aef000 	C:\Windows\System32\kernel.appcore.dll
0x00007ffee2c00000 - 0x00007ffee2c10000 	D:\java\bin\verify.dll
0x00007ffed8800000 - 0x00007ffed8992000 	C:\Windows\SYSTEM32\DBGHELP.DLL
0x00007ffed8560000 - 0x00007ffed8589000 	C:\Windows\SYSTEM32\dbgcore.DLL
0x00007ffed5700000 - 0x00007ffed5726000 	D:\java\bin\java.dll
0x00007ffed5a00000 - 0x00007ffed5a0e000 	D:\java\bin\instrument.dll
0x00007ffed5810000 - 0x00007ffed5827000 	D:\java\bin\zip.dll
0x00007ffeded10000 - 0x00007ffeded1a000 	D:\java\bin\jimage.dll
0x00007ffee6b90000 - 0x00007ffee8095000 	C:\Windows\System32\SHELL32.dll
0x00007ffee62d0000 - 0x00007ffee69a9000 	C:\Windows\System32\windows.storage.dll
0x00007ffee5a90000 - 0x00007ffee5adc000 	C:\Windows\System32\powrprof.dll
0x00007ffee95a0000 - 0x00007ffee95f2000 	C:\Windows\System32\shlwapi.dll
0x00007ffee61c0000 - 0x00007ffee6269000 	C:\Windows\System32\shcore.dll
0x00007ffee5a70000 - 0x00007ffee5a84000 	C:\Windows\System32\profapi.dll
0x00007ffed54f0000 - 0x00007ffed5509000 	D:\java\bin\net.dll
0x00007ffee00b0000 - 0x00007ffee017c000 	C:\Windows\SYSTEM32\WINHTTP.dll
0x00007ffee5390000 - 0x00007ffee53ec000 	C:\Windows\system32\mswsock.dll
0x00007ffecc6f0000 - 0x00007ffecc703000 	D:\java\bin\nio.dll
0x00007ffed58a0000 - 0x00007ffed58ba000 	D:\IntelliJ IDEA 2019.3.1\bin\breakgen64.dll
0x00007ffee4830000 - 0x00007ffee493d000 	C:\Windows\SysWOW64\ierd_tgp_lsp64.dll
0x00007ffee8f30000 - 0x00007ffee9068000 	C:\Windows\System32\ole32.dll
0x00007ffee4820000 - 0x00007ffee482a000 	C:\Windows\system32\wshqos.dll
0x00007ffee4810000 - 0x00007ffee4818000 	C:\Windows\SYSTEM32\wshtcpip.DLL
0x00007ffee4800000 - 0x00007ffee4808000 	C:\Windows\SYSTEM32\wship6.dll
0x00007ffee5150000 - 0x00007ffee51f1000 	C:\Windows\SYSTEM32\DNSAPI.dll
0x00007ffee80a0000 - 0x00007ffee80a8000 	C:\Windows\System32\NSI.dll
0x00007ffee5110000 - 0x00007ffee5148000 	C:\Windows\SYSTEM32\IPHLPAPI.DLL
0x00007ffed82c0000 - 0x00007ffed82ca000 	C:\Windows\System32\rasadhlp.dll
0x00007ffed98c0000 - 0x00007ffed992a000 	C:\Windows\System32\fwpuclnt.dll
0x00007ffee5640000 - 0x00007ffee566b000 	C:\Windows\SYSTEM32\bcrypt.dll
0x00007ffedca30000 - 0x00007ffedca39000 	D:\java\bin\management.dll
0x00007ffedb7d0000 - 0x00007ffedb7db000 	D:\java\bin\management_ext.dll
0x00007ffee5530000 - 0x00007ffee5547000 	C:\Windows\SYSTEM32\CRYPTSP.dll
0x00007ffee4f90000 - 0x00007ffee4fc3000 	C:\Windows\system32\rsaenh.dll
0x00007ffee5210000 - 0x00007ffee522f000 	C:\Windows\SYSTEM32\USERENV.dll
0x00007ffee5550000 - 0x00007ffee555b000 	C:\Windows\SYSTEM32\CRYPTBASE.dll
0x00007ffee2100000 - 0x00007ffee2116000 	C:\Windows\SYSTEM32\dhcpcsvc6.DLL
0x00007ffee22b0000 - 0x00007ffee22ca000 	C:\Windows\SYSTEM32\dhcpcsvc.DLL
0x00007ffed62a0000 - 0x00007ffed62b6000 	C:\Windows\system32\napinsp.dll
0x00007ffed62c0000 - 0x00007ffed62da000 	C:\Windows\system32\pnrpnsp.dll
0x00007ffee3c80000 - 0x00007ffee3c98000 	C:\Windows\system32\NLAapi.dll
0x00007ffed62e0000 - 0x00007ffed62ee000 	C:\Windows\System32\winrnr.dll
0x00007ffed62f0000 - 0x00007ffed6305000 	C:\Windows\System32\wshbth.dll

dbghelp: loaded successfully - version: 4.0.5 - missing functions: none
symbol engine: initialized successfully - sym options: 0x614 - pdb path: .;D:\java\bin;C:\Windows\SYSTEM32;C:\Windows\WinSxS\amd64_microsoft.windows.common-controls_6595b64144ccf1df_6.0.14393.2848_none_7ddecd5e83436d8c;D:\java\bin\server;D:\IntelliJ IDEA 2019.3.1\bin;C:\Windows\SysWOW64

VM Arguments:
jvm_args: -XX:TieredStopAtLevel=1 -Xverify:none -Dspring.output.ansi.enabled=always -Dcom.sun.management.jmxremote -Dspring.jmx.enabled=true -Dspring.liveBeansView.mbeanDomain -Dspring.application.admin.enabled=true -javaagent:D:\IntelliJ IDEA 2019.3.1\lib\idea_rt.jar=9006:D:\IntelliJ IDEA 2019.3.1\bin -Dfile.encoding=UTF-8 
java_command: com.hzm.HvpApplication
java_class_path (initial): G:\java_spring\hvp-java\hvp-web\target\classes;D:\apache-maven-3.6.3\repository\org\junit\platform\junit-platform-commons\1.6.0-M1\junit-platform-commons-1.6.0-M1.jar;D:\apache-maven-3.6.3\repository\org\apiguardian\apiguardian-api\1.1.0\apiguardian-api-1.1.0.jar;D:\apache-maven-3.6.3\repository\org\springframework\boot\spring-boot-starter-web\2.2.3.BUILD-SNAPSHOT\spring-boot-starter-web-2.2.3.BUILD-20200114.115439-54.jar;D:\apache-maven-3.6.3\repository\org\springframework\boot\spring-boot-starter\2.2.3.BUILD-SNAPSHOT\spring-boot-starter-2.2.3.BUILD-20200114.115441-54.jar;D:\apache-maven-3.6.3\repository\org\springframework\boot\spring-boot\2.2.3.BUILD-SNAPSHOT\spring-boot-2.2.3.BUILD-20200114.115446-54.jar;D:\apache-maven-3.6.3\repository\org\springframework\boot\spring-boot-autoconfigure\2.2.3.BUILD-SNAPSHOT\spring-boot-autoconfigure-2.2.3.BUILD-20200114.115345-54.jar;D:\apache-maven-3.6.3\repository\org\springframework\boot\spring-boot-starter-logging\2.2.3.BUILD-SNAPSHOT\spring-boot-starter-logging-2.2.3.BUILD-20200114.115428-54.jar;D:\apache-maven-3.6.3\repository\ch\qos\logback\logback-classic\1.2.3\logback-classic-1.2.3.jar;D:\apache-maven-3.6.3\repository\ch\qos\logback\logback-core\1.2.3\logback-core-1.2.3.jar;D:\apache-maven-3.6.3\repository\org\apache\logging\log4j\log4j-to-slf4j\2.12.1\log4j-to-slf4j-2.12.1.jar;D:\apache-maven-3.6.3\repository\org\apache\logging\log4j\log4j-api\2.12.1\log4j-api-2.12.1.jar;D:\apache-maven-3.6.3\repository\org\slf4j\jul-to-slf4j\1.7.29\jul-to-slf4j-1.7.29.jar;D:\apache-maven-3.6.3\repository\jakarta\annotation\jakarta.annotation-api\1.3.5\jakarta.annotation-api-1.3.5.jar;D:\apache-maven-3.6.3\repository\org\yaml\snakeyaml\1.25\snakeyaml-1.25.jar;D:\apache-maven-3.6.3\repository\org\springframework\boot\spring-boot-starter-json\2.2.3.BUILD-SNAPSHOT\spring-boot-starter-json-2.2.3.BUILD-20200114.115426-54.jar;D:\apache-maven-3.6.3\repository\com\fasterxml\jackson\core\jackson-databind\2.10.1\jack
Launcher Type: SUN_STANDARD

[Global flags]
     intx CICompilerCount                          = 4                                         {product} {ergonomic}
     uint ConcGCThreads                            = 2                                         {product} {ergonomic}
     uint G1ConcRefinementThreads                  = 8                                         {product} {ergonomic}
   size_t G1HeapRegionSize                         = 1048576                                   {product} {ergonomic}
    uintx GCDrainStackTargetSize                   = 64                                        {product} {ergonomic}
   size_t InitialHeapSize                          = 134217728                                 {product} {ergonomic}
     bool ManagementServer                         = true                                      {product} {command line}
   size_t MarkStackSize                            = 4194304                                   {product} {ergonomic}
   size_t MaxHeapSize                              = 2116026368                                {product} {ergonomic}
   size_t MaxNewSize                               = 1268776960                                {product} {ergonomic}
   size_t MinHeapDeltaBytes                        = 1048576                                   {product} {ergonomic}
   size_t MinHeapSize                              = 8388608                                   {product} {ergonomic}
    uintx NonNMethodCodeHeapSize                   = 7549744                                {pd product} {ergonomic}
    uintx NonProfiledCodeHeapSize                  = 244108496                              {pd product} {ergonomic}
    uintx ProfiledCodeHeapSize                     = 0                                      {pd product} {ergonomic}
    uintx ReservedCodeCacheSize                    = 251658240                              {pd product} {ergonomic}
     bool SegmentedCodeCache                       = true                                      {product} {ergonomic}
   size_t SoftMaxHeapSize                          = 2116026368                             {manageable} {ergonomic}
     intx TieredStopAtLevel                        = 1                                         {product} {command line}
     bool UseCompressedClassPointers               = true                                 {lp64_product} {ergonomic}
     bool UseCompressedOops                        = true                                 {lp64_product} {ergonomic}
     bool UseG1GC                                  = true                                      {product} {ergonomic}
     bool UseLargePagesIndividualAllocation        = false                                  {pd product} {ergonomic}

Logging:
Log output configuration:
 #0: stdout all=warning uptime,level,tags
 #1: stderr all=off uptime,level,tags

Environment Variables:
JAVA_HOME=D:\Java
CLASSPATH=.;D:\Java\lib\dt.jar;D:\Java\lib\tools.jar;
PATH=D:\Java\bin;D:\Java\jre\bin;D:\apache-tomcat-9.0.21\lib;D:\apache-tomcat-9.0.21\bin;D:\apache-maven-3.6.1\bin;C:\Windows\system32;F:\mysql\bin;C:\Windows\system32;C:\Windows;C:\Windows\System32\Wbem;C:\GOPATH\bin;C:\Users\Administrator\AppData\Local\Android\Sdk\tools;C:\Users\Administrator\AppData\Local\Android\Sdk\platform-tools;D:\node\;C:\Users\Administrator\AppData\Local\Microsoft\WindowsApps;C:\Users\Administrator\go\bin;C:\Users\Administrator\AppData\Roaming\npm;G:\DriverGenius;G:\DriverGenius\ksoft
USERNAME=Administrator
OS=Windows_NT
PROCESSOR_IDENTIFIER=Intel64 Family 6 Model 60 Stepping 3, GenuineIntel



---------------  S Y S T E M  ---------------

OS: Windows 10 , 64 bit Build 14393 (10.0.14393.2906)

CPU:total 8 (initial active 8) (4 cores per cpu, 2 threads per core) family 6 model 60 stepping 3, cmov, cx8, fxsr, mmx, sse, sse2, sse3, ssse3, sse4.1, sse4.2, popcnt, avx, avx2, aes, clmul, erms, lzcnt, ht, tsc, tscinvbit, bmi1, bmi2, fma

Memory: 4k page, system-wide physical 8071M (1340M free)
TotalPageFile size 18312M (AvailPageFile size 79M)
current process WorkingSet (physical memory assigned to process): 148M, peak: 148M
current process commit charge ("private bytes"): 191M, peak: 245M

vm_info: Java HotSpot(TM) 64-Bit Server VM (13.0.1+9) for windows-amd64 JRE (13.0.1+9), built on Oct  6 2019 12:37:49 by "mach5one" with unknown MS VC++:1916

END.
